<?xml version="1.0" encoding="UTF-8"?>
<!-- Generated by org.testng.reporters.JUnitXMLReporter -->
<testsuite ignored="0" hostname="Ankits-MacBook-Air.local" failures="0" tests="4" name="Default test" time="0.033" errors="0" timestamp="2024-11-05T11:08:08 IST">
  <testcase classname="com.sec16_TestNG_F1.secondMethod" name="FlightBooking" time="0.003"/>
  <testcase classname="com.sec16_TestNG_F1.secondMethod" name="FlightCancel" time="0.001"/>
  <testcase classname="com.sec16_TestNG_F1.secondMethod" name="OpeningBrowser" time="0.001"/>
  <testcase classname="com.sec16_TestNG_F1.secondMethod" name="TC_03" time="0.0"/>
</testsuite> <!-- Default test -->
