<?xml version="1.0" encoding="UTF-8"?>
<!-- Generated by org.testng.reporters.JUnitXMLReporter -->
<testsuite ignored="0" hostname="Ankits-MacBook-Air.local" failures="0" tests="3" name="Personal Loan" time="0.026" errors="0" timestamp="2024-11-05T10:43:51 IST">
  <testcase classname="com.sec16_TestNG_F1.basicsMethods" name="TC_01" time="0.005"/>
  <testcase classname="com.sec16_TestNG_F1.basicsMethods" name="TC_02" time="0.001"/>
  <testcase classname="com.sec16_TestNG_F1.secondMethod" name="TC_03" time="0.0"/>
</testsuite> <!-- Personal Loan -->
