<?xml version="1.0" encoding="UTF-8"?>
<testng-results ignored="0" total="4" passed="4" failed="0" skipped="0">
  <reporter-output>
  </reporter-output>
  <suite started-at="2024-11-05T11:08:08 IST" name="Default suite" finished-at="2024-11-05T11:08:08 IST" duration-ms="33">
    <groups>
    </groups>
    <test started-at="2024-11-05T11:08:08 IST" name="Default test" finished-at="2024-11-05T11:08:08 IST" duration-ms="33">
      <class name="com.sec16_TestNG_F1.secondMethod">
        <test-method is-config="true" signature="Cookies()[pri:0, instance:com.sec16_TestNG_F1.secondMethod@15ff3e9e]" started-at="2024-11-05T11:08:08 IST" name="Cookies" finished-at="2024-11-05T11:08:08 IST" duration-ms="5" status="PASS">
          <reporter-output>
          </reporter-output>
        </test-method> <!-- Cookies -->
        <test-method is-config="true" signature="UseridGeneration()[pri:0, instance:com.sec16_TestNG_F1.secondMethod@15ff3e9e]" started-at="2024-11-05T11:08:08 IST" name="UseridGeneration" finished-at="2024-11-05T11:08:08 IST" duration-ms="0" status="PASS">
          <reporter-output>
          </reporter-output>
        </test-method> <!-- UseridGeneration -->
        <test-method signature="FlightBooking()[pri:0, instance:com.sec16_TestNG_F1.secondMethod@15ff3e9e]" started-at="2024-11-05T11:08:08 IST" name="FlightBooking" finished-at="2024-11-05T11:08:08 IST" duration-ms="3" status="PASS">
          <reporter-output>
          </reporter-output>
        </test-method> <!-- FlightBooking -->
        <test-method is-config="true" signature="Reportadding()[pri:0, instance:com.sec16_TestNG_F1.secondMethod@15ff3e9e]" started-at="2024-11-05T11:08:08 IST" name="Reportadding" finished-at="2024-11-05T11:08:08 IST" duration-ms="0" status="PASS">
          <reporter-output>
          </reporter-output>
        </test-method> <!-- Reportadding -->
        <test-method signature="FlightCancel()[pri:0, instance:com.sec16_TestNG_F1.secondMethod@15ff3e9e]" started-at="2024-11-05T11:08:08 IST" name="FlightCancel" finished-at="2024-11-05T11:08:08 IST" duration-ms="1" status="PASS">
          <reporter-output>
          </reporter-output>
        </test-method> <!-- FlightCancel -->
        <test-method is-config="true" signature="UseridGeneration()[pri:0, instance:com.sec16_TestNG_F1.secondMethod@15ff3e9e]" started-at="2024-11-05T11:08:08 IST" name="UseridGeneration" finished-at="2024-11-05T11:08:08 IST" duration-ms="0" status="PASS">
          <reporter-output>
          </reporter-output>
        </test-method> <!-- UseridGeneration -->
        <test-method is-config="true" signature="Reportadding()[pri:0, instance:com.sec16_TestNG_F1.secondMethod@15ff3e9e]" started-at="2024-11-05T11:08:08 IST" name="Reportadding" finished-at="2024-11-05T11:08:08 IST" duration-ms="1" status="PASS">
          <reporter-output>
          </reporter-output>
        </test-method> <!-- Reportadding -->
        <test-method signature="OpeningBrowser()[pri:0, instance:com.sec16_TestNG_F1.secondMethod@15ff3e9e]" started-at="2024-11-05T11:08:08 IST" name="OpeningBrowser" finished-at="2024-11-05T11:08:08 IST" duration-ms="1" status="PASS">
          <reporter-output>
          </reporter-output>
        </test-method> <!-- OpeningBrowser -->
        <test-method is-config="true" signature="UseridGeneration()[pri:0, instance:com.sec16_TestNG_F1.secondMethod@15ff3e9e]" started-at="2024-11-05T11:08:08 IST" name="UseridGeneration" finished-at="2024-11-05T11:08:08 IST" duration-ms="0" status="PASS">
          <reporter-output>
          </reporter-output>
        </test-method> <!-- UseridGeneration -->
        <test-method is-config="true" signature="Reportadding()[pri:0, instance:com.sec16_TestNG_F1.secondMethod@15ff3e9e]" started-at="2024-11-05T11:08:08 IST" name="Reportadding" finished-at="2024-11-05T11:08:08 IST" duration-ms="0" status="PASS">
          <reporter-output>
          </reporter-output>
        </test-method> <!-- Reportadding -->
        <test-method signature="TC_03()[pri:0, instance:com.sec16_TestNG_F1.secondMethod@15ff3e9e]" started-at="2024-11-05T11:08:08 IST" name="TC_03" finished-at="2024-11-05T11:08:08 IST" duration-ms="0" status="PASS">
          <reporter-output>
          </reporter-output>
        </test-method> <!-- TC_03 -->
        <test-method is-config="true" signature="UseridGeneration()[pri:0, instance:com.sec16_TestNG_F1.secondMethod@15ff3e9e]" started-at="2024-11-05T11:08:08 IST" name="UseridGeneration" finished-at="2024-11-05T11:08:08 IST" duration-ms="0" status="PASS">
          <reporter-output>
          </reporter-output>
        </test-method> <!-- UseridGeneration -->
        <test-method is-config="true" signature="Reportadding()[pri:0, instance:com.sec16_TestNG_F1.secondMethod@15ff3e9e]" started-at="2024-11-05T11:08:08 IST" name="Reportadding" finished-at="2024-11-05T11:08:08 IST" duration-ms="0" status="PASS">
          <reporter-output>
          </reporter-output>
        </test-method> <!-- Reportadding -->
        <test-method is-config="true" signature="Cookiesclose()[pri:0, instance:com.sec16_TestNG_F1.secondMethod@15ff3e9e]" started-at="2024-11-05T11:08:08 IST" name="Cookiesclose" finished-at="2024-11-05T11:08:08 IST" duration-ms="0" status="PASS">
          <reporter-output>
          </reporter-output>
        </test-method> <!-- Cookiesclose -->
      </class> <!-- com.sec16_TestNG_F1.secondMethod -->
    </test> <!-- Default test -->
  </suite> <!-- Default suite -->
</testng-results>
