<?xml version="1.0" encoding="UTF-8"?>
<!-- Generated by org.testng.reporters.JUnitReportReporter -->
<testsuite hostname="Ankits-MacBook-Air.local" failures="0" tests="4" name="com.sec16_TestNG_F1.secondMethod" time="0.006" errors="0" timestamp="2024-11-05T11:08:08 IST" skipped="0">
  <testcase classname="com.sec16_TestNG_F1.secondMethod" name="FlightBooking" time="0.003"/>
  <testcase classname="com.sec16_TestNG_F1.secondMethod" name="OpeningBrowser" time="0.002"/>
  <testcase classname="com.sec16_TestNG_F1.secondMethod" name="TC_03" time="0.000"/>
  <testcase classname="com.sec16_TestNG_F1.secondMethod" name="FlightCancel" time="0.001"/>
</testsuite> <!-- com.sec16_TestNG_F1.secondMethod -->
