<?xml version="1.0" encoding="UTF-8"?>
<!-- Generated by org.testng.reporters.JUnitReportReporter -->
<testsuite hostname="Ankits-MacBook-Air.local" failures="0" tests="2" name="com.sec16_TestNG_F1.basicsMethods" time="0.006" errors="0" timestamp="2024-11-05T10:43:51 IST" skipped="0">
  <testcase classname="com.sec16_TestNG_F1.basicsMethods" name="TC_01" time="0.005"/>
  <testcase classname="com.sec16_TestNG_F1.basicsMethods" name="TC_02" time="0.001"/>
</testsuite> <!-- com.sec16_TestNG_F1.basicsMethods -->
